build/app/intermediates/manifest_merge_blame_file/debug/manifest-merger-blame-debug-report.txt
1<?xml version="1.0" encoding="utf-8"?>
2<manifest xmlns:android="http://schemas.android.com/apk/res/android"
3    package="com.example.sieves_courier"
4    android:versionCode="1"
5    android:versionName="1.0.0" >
6
7    <uses-sdk
8        android:minSdkVersion="20"
9        android:targetSdkVersion="30" />
10    <!--
11         Flutter needs it to communicate with the running application
12         to allow setting breakpoints, to provide hot reload, etc.
13    -->
14    <uses-permission android:name="android.permission.INTERNET" />
14-->src/main/AndroidManifest.xml:3:5-66
14-->src/main/AndroidManifest.xml:3:22-64
15
16    <queries>
16-->src/main/AndroidManifest.xml:42:5-53:15
17        <intent>
17-->src/main/AndroidManifest.xml:43:9-47:18
18            <action android:name="android.intent.action.VIEW" />
18-->src/main/AndroidManifest.xml:44:13-65
18-->src/main/AndroidManifest.xml:44:21-62
19
20            <category android:name="android.intent.category.BROWSABLE" />
20-->src/main/AndroidManifest.xml:45:13-74
20-->src/main/AndroidManifest.xml:45:23-71
21
22            <data android:scheme="https" />
22-->src/main/AndroidManifest.xml:46:13-44
22-->src/main/AndroidManifest.xml:46:19-41
23        </intent>
24        <intent>
24-->src/main/AndroidManifest.xml:48:9-52:18
25            <action android:name="android.intent.action.VIEW" />
25-->src/main/AndroidManifest.xml:44:13-65
25-->src/main/AndroidManifest.xml:44:21-62
26
27            <category android:name="android.intent.category.APP_BROWSER" />
27-->src/main/AndroidManifest.xml:50:13-76
27-->src/main/AndroidManifest.xml:50:23-73
28
29            <data android:scheme="https" />
29-->src/main/AndroidManifest.xml:46:13-44
29-->src/main/AndroidManifest.xml:46:19-41
30        </intent>
31
32        <package android:name="com.google.android.apps.maps" />
32-->[:map_launcher] AndroidManifest.xml:8:9-64
32-->[:map_launcher] AndroidManifest.xml:8:18-61
33        <package android:name="com.google.android.apps.mapslite" />
33-->[:map_launcher] AndroidManifest.xml:9:9-68
33-->[:map_launcher] AndroidManifest.xml:9:18-65
34        <package android:name="com.autonavi.minimap" />
34-->[:map_launcher] AndroidManifest.xml:10:9-56
34-->[:map_launcher] AndroidManifest.xml:10:18-53
35        <package android:name="com.baidu.BaiduMap" />
35-->[:map_launcher] AndroidManifest.xml:11:9-54
35-->[:map_launcher] AndroidManifest.xml:11:18-51
36        <package android:name="com.waze" />
36-->[:map_launcher] AndroidManifest.xml:12:9-44
36-->[:map_launcher] AndroidManifest.xml:12:18-41
37        <package android:name="ru.yandex.yandexnavi" />
37-->[:map_launcher] AndroidManifest.xml:13:9-56
37-->[:map_launcher] AndroidManifest.xml:13:18-53
38        <package android:name="ru.yandex.yandexmaps" />
38-->[:map_launcher] AndroidManifest.xml:14:9-56
38-->[:map_launcher] AndroidManifest.xml:14:18-53
39        <package android:name="com.citymapper.app.release" />
39-->[:map_launcher] AndroidManifest.xml:15:9-62
39-->[:map_launcher] AndroidManifest.xml:15:18-59
40        <package android:name="com.mapswithme.maps.pro" />
40-->[:map_launcher] AndroidManifest.xml:16:9-59
40-->[:map_launcher] AndroidManifest.xml:16:18-56
41        <package android:name="net.osmand" />
41-->[:map_launcher] AndroidManifest.xml:17:9-46
41-->[:map_launcher] AndroidManifest.xml:17:18-43
42        <package android:name="net.osmand.plus" />
42-->[:map_launcher] AndroidManifest.xml:18:9-51
42-->[:map_launcher] AndroidManifest.xml:18:18-48
43        <package android:name="ru.dublgis.dgismobile" />
43-->[:map_launcher] AndroidManifest.xml:19:9-57
43-->[:map_launcher] AndroidManifest.xml:19:18-54
44        <package android:name="com.tencent.map" />
44-->[:map_launcher] AndroidManifest.xml:20:9-51
44-->[:map_launcher] AndroidManifest.xml:20:18-48
45        <package android:name="com.here.app.maps" />
45-->[:map_launcher] AndroidManifest.xml:21:9-53
45-->[:map_launcher] AndroidManifest.xml:21:18-50
46    </queries>
47    <queries>
47-->src/main/AndroidManifest.xml:42:5-53:15
48
49        <!-- If your app opens https URLs -->
50        <intent>
51            <action android:name="android.intent.action.VIEW" />
51-->src/main/AndroidManifest.xml:44:13-65
51-->src/main/AndroidManifest.xml:44:21-62
52
53            <data android:scheme="https" />
53-->src/main/AndroidManifest.xml:46:13-44
53-->src/main/AndroidManifest.xml:46:19-41
54        </intent>
55        <!-- If your app makes calls -->
56        <intent>
57            <action android:name="android.intent.action.DIAL" />
58
59            <data android:scheme="tel" />
59-->src/main/AndroidManifest.xml:46:13-44
59-->src/main/AndroidManifest.xml:46:19-41
60        </intent>
61        <!-- If your app emails -->
62        <intent>
63            <action android:name="android.intent.action.SEND" />
64
65            <data android:mimeType="*/*" />
65-->src/main/AndroidManifest.xml:46:13-44
66        </intent>
67    </queries>
68
69    <application
69-->src/main/AndroidManifest.xml:4:4-41:19
70        android:appComponentFactory="androidx.core.app.CoreComponentFactory"
70-->[androidx.core:core:1.1.0] AndroidManifest.xml:24:18-86
71        android:debuggable="true"
72        android:icon="@mipmap/ic_launcher"
72-->src/main/AndroidManifest.xml:6:9-43
73        android:label="sieves_courier" >
73-->src/main/AndroidManifest.xml:5:9-39
74        <activity
74-->src/main/AndroidManifest.xml:7:9-35:20
75            android:name="com.example.sieves_courier.MainActivity"
75-->src/main/AndroidManifest.xml:8:13-41
76            android:configChanges="orientation|keyboardHidden|keyboard|screenSize|smallestScreenSize|locale|layoutDirection|fontScale|screenLayout|density|uiMode"
76-->src/main/AndroidManifest.xml:11:13-163
77            android:hardwareAccelerated="true"
77-->src/main/AndroidManifest.xml:12:13-47
78            android:launchMode="singleTop"
78-->src/main/AndroidManifest.xml:9:13-43
79            android:theme="@style/LaunchTheme"
79-->src/main/AndroidManifest.xml:10:13-47
80            android:windowSoftInputMode="adjustResize" >
80-->src/main/AndroidManifest.xml:13:13-55
81
82            <!--
83                 Specifies an Android theme to apply to this Activity as soon as
84                 the Android process has started. This theme is visible to the user
85                 while the Flutter UI initializes. After that, this theme continues
86                 to determine the Window background behind the Flutter UI.
87            -->
88            <meta-data
88-->src/main/AndroidManifest.xml:18:13-21:17
89                android:name="io.flutter.embedding.android.NormalTheme"
89-->src/main/AndroidManifest.xml:19:15-70
90                android:resource="@style/NormalTheme" />
90-->src/main/AndroidManifest.xml:20:15-52
91            <!--
92                 Displays an Android View that continues showing the launch screen
93                 Drawable until Flutter paints its first frame, then this splash
94                 screen fades out. A splash screen is useful to avoid any visual
95                 gap between the end of Android's launch screen and the painting of
96                 Flutter's first frame.
97            -->
98            <meta-data
98-->src/main/AndroidManifest.xml:27:13-30:17
99                android:name="io.flutter.embedding.android.SplashScreenDrawable"
99-->src/main/AndroidManifest.xml:28:15-79
100                android:resource="@drawable/launch_background" />
100-->src/main/AndroidManifest.xml:29:15-61
101
102            <intent-filter>
102-->src/main/AndroidManifest.xml:31:13-34:29
103                <action android:name="android.intent.action.MAIN" />
103-->src/main/AndroidManifest.xml:32:17-68
103-->src/main/AndroidManifest.xml:32:25-66
104
105                <category android:name="android.intent.category.LAUNCHER" />
105-->src/main/AndroidManifest.xml:33:17-76
105-->src/main/AndroidManifest.xml:33:27-74
106            </intent-filter>
107        </activity>
108        <!--
109             Don't delete the meta-data below.
110             This is used by the Flutter tool to generate GeneratedPluginRegistrant.java
111        -->
112        <meta-data
112-->src/main/AndroidManifest.xml:38:9-40:33
113            android:name="flutterEmbedding"
113-->src/main/AndroidManifest.xml:39:13-44
114            android:value="2" />
114-->src/main/AndroidManifest.xml:40:13-30
115
116        <activity
116-->[:url_launcher] AndroidManifest.xml:8:9-11:74
117            android:name="io.flutter.plugins.urllauncher.WebViewActivity"
117-->[:url_launcher] AndroidManifest.xml:9:13-74
118            android:exported="false"
118-->[:url_launcher] AndroidManifest.xml:10:13-37
119            android:theme="@android:style/Theme.NoTitleBar.Fullscreen" />
119-->[:url_launcher] AndroidManifest.xml:11:13-71
120        <activity
120-->[net.openid:appauth:0.7.1] AndroidManifest.xml:27:9-31:75
121            android:name="net.openid.appauth.AuthorizationManagementActivity"
121-->[net.openid:appauth:0.7.1] AndroidManifest.xml:28:13-78
122            android:exported="false"
122-->[net.openid:appauth:0.7.1] AndroidManifest.xml:29:13-37
123            android:launchMode="singleTask"
123-->[net.openid:appauth:0.7.1] AndroidManifest.xml:30:13-44
124            android:theme="@android:style/Theme.Translucent.NoTitleBar" />
124-->[net.openid:appauth:0.7.1] AndroidManifest.xml:31:13-72
125        <activity
125-->[net.openid:appauth:0.7.1] AndroidManifest.xml:32:9-43:20
126            android:name="net.openid.appauth.RedirectUriReceiverActivity"
126-->[net.openid:appauth:0.7.1] AndroidManifest.xml:33:13-74
127            android:exported="true" >
127-->[net.openid:appauth:0.7.1] AndroidManifest.xml:34:13-36
128            <intent-filter>
128-->[net.openid:appauth:0.7.1] AndroidManifest.xml:35:13-42:29
129                <action android:name="android.intent.action.VIEW" />
129-->src/main/AndroidManifest.xml:44:13-65
129-->src/main/AndroidManifest.xml:44:21-62
130
131                <category android:name="android.intent.category.DEFAULT" />
131-->[net.openid:appauth:0.7.1] AndroidManifest.xml:38:17-76
131-->[net.openid:appauth:0.7.1] AndroidManifest.xml:38:27-73
132                <category android:name="android.intent.category.BROWSABLE" />
132-->src/main/AndroidManifest.xml:45:13-74
132-->src/main/AndroidManifest.xml:45:23-71
133
134                <data android:scheme="com.example.sievescourier" />
134-->src/main/AndroidManifest.xml:46:13-44
134-->src/main/AndroidManifest.xml:46:19-41
135            </intent-filter>
136        </activity>
137    </application>
138
139</manifest>